<?xml version="1.0" encoding="UTF-8"?>
<coverage generated="1743965794527" clover="3.2.0">
  <project timestamp="1743965794527" name="All files">
    <metrics statements="32" coveredstatements="29" conditionals="7" coveredconditionals="7" methods="6" coveredmethods="2" elements="45" coveredelements="38" complexity="0" loc="32" ncloc="32" packages="2" files="4" classes="4"/>
    <package name="src">
      <metrics statements="1" coveredstatements="1" conditionals="0" coveredconditionals="0" methods="0" coveredmethods="0"/>
      <file name="types.tsx" path="/Users/aperev/Ann/YandexReact/cosmo-burger/src/types.tsx">
        <metrics statements="1" coveredstatements="1" conditionals="0" coveredconditionals="0" methods="0" coveredmethods="0"/>
        <line num="17" count="1" type="stmt"/>
      </file>
    </package>
    <package name="src.services.burger-constructor">
      <metrics statements="31" coveredstatements="28" conditionals="7" coveredconditionals="7" methods="6" coveredmethods="2"/>
      <file name="actions.tsx" path="/Users/aperev/Ann/YandexReact/cosmo-burger/src/services/burger-constructor/actions.tsx">
        <metrics statements="12" coveredstatements="9" conditionals="0" coveredconditionals="0" methods="4" coveredmethods="0"/>
        <line num="4" count="1" type="stmt"/>
        <line num="5" count="1" type="stmt"/>
        <line num="6" count="1" type="stmt"/>
        <line num="7" count="1" type="stmt"/>
        <line num="8" count="1" type="stmt"/>
        <line num="41" count="1" type="stmt"/>
        <line num="46" count="1" type="stmt"/>
        <line num="48" count="0" type="stmt"/>
        <line num="52" count="1" type="stmt"/>
        <line num="54" count="0" type="stmt"/>
        <line num="59" count="1" type="stmt"/>
        <line num="63" count="0" type="stmt"/>
      </file>
      <file name="mock-data.tsx" path="/Users/aperev/Ann/YandexReact/cosmo-burger/src/services/burger-constructor/mock-data.tsx">
        <metrics statements="5" coveredstatements="5" conditionals="0" coveredconditionals="0" methods="0" coveredmethods="0"/>
        <line num="3" count="1" type="stmt"/>
        <line num="18" count="1" type="stmt"/>
        <line num="33" count="1" type="stmt"/>
        <line num="49" count="1" type="stmt"/>
        <line num="65" count="1" type="stmt"/>
      </file>
      <file name="reducer.tsx" path="/Users/aperev/Ann/YandexReact/cosmo-burger/src/services/burger-constructor/reducer.tsx">
        <metrics statements="14" coveredstatements="14" conditionals="7" coveredconditionals="7" methods="2" coveredmethods="2"/>
        <line num="10" count="1" type="stmt"/>
        <line num="26" count="1" type="stmt"/>
        <line num="30" count="13" type="cond" truecount="6" falsecount="0"/>
        <line num="32" count="2" type="stmt"/>
        <line num="37" count="2" type="stmt"/>
        <line num="42" count="3" type="stmt"/>
        <line num="46" count="7" type="stmt"/>
        <line num="50" count="3" type="stmt"/>
        <line num="51" count="3" type="stmt"/>
        <line num="52" count="3" type="stmt"/>
        <line num="53" count="3" type="stmt"/>
        <line num="54" count="3" type="stmt"/>
        <line num="60" count="2" type="stmt"/>
        <line num="66" count="1" type="stmt"/>
      </file>
    </package>
  </project>
</coverage>
