{"/Users/aperev/Ann/YandexReact/cosmo-burger/src/types.tsx": {"path":"/Users/aperev/Ann/YandexReact/cosmo-burger/src/types.tsx","statementMap":{"0":{"start":{"line":17,"column":43},"end":{"line":30,"column":1}}},"fnMap":{},"branchMap":{},"s":{"0":1},"f":{},"b":{},"_coverageSchema":"1a1c01bbd47fc00a2c39e90264f33305004495a9","hash":"24f7455f988920a94ce0783c842787d9f73e249e"}
,"/Users/aperev/Ann/YandexReact/cosmo-burger/src/services/burger-constructor/actions.tsx": {"path":"/Users/aperev/Ann/YandexReact/cosmo-burger/src/services/burger-constructor/actions.tsx","statementMap":{"0":{"start":{"line":4,"column":23},"end":{"line":4,"column":32}},"1":{"start":{"line":5,"column":42},"end":{"line":5,"column":70}},"2":{"start":{"line":6,"column":45},"end":{"line":6,"column":76}},"3":{"start":{"line":7,"column":35},"end":{"line":7,"column":56}},"4":{"start":{"line":8,"column":33},"end":{"line":8,"column":52}},"5":{"start":{"line":41,"column":22},"end":{"line":44,"column":2}},"6":{"start":{"line":41,"column":66},"end":{"line":44,"column":1}},"7":{"start":{"line":46,"column":40},"end":{"line":51,"column":2}},"8":{"start":{"line":48,"column":39},"end":{"line":51,"column":1}},"9":{"start":{"line":52,"column":43},"end":{"line":57,"column":2}},"10":{"start":{"line":54,"column":42},"end":{"line":57,"column":1}},"11":{"start":{"line":59,"column":34},"end":{"line":70,"column":2}},"12":{"start":{"line":63,"column":33},"end":{"line":70,"column":1}}},"fnMap":{"0":{"name":"(anonymous_0)","decl":{"start":{"line":41,"column":22},"end":{"line":41,"column":23}},"loc":{"start":{"line":41,"column":66},"end":{"line":44,"column":1}},"line":41},"1":{"name":"(anonymous_1)","decl":{"start":{"line":46,"column":40},"end":{"line":46,"column":41}},"loc":{"start":{"line":48,"column":39},"end":{"line":51,"column":1}},"line":48},"2":{"name":"(anonymous_2)","decl":{"start":{"line":52,"column":43},"end":{"line":52,"column":44}},"loc":{"start":{"line":54,"column":42},"end":{"line":57,"column":1}},"line":54},"3":{"name":"(anonymous_3)","decl":{"start":{"line":59,"column":34},"end":{"line":59,"column":35}},"loc":{"start":{"line":63,"column":33},"end":{"line":70,"column":1}},"line":63}},"branchMap":{},"s":{"0":1,"1":1,"2":1,"3":1,"4":1,"5":1,"6":0,"7":1,"8":0,"9":1,"10":0,"11":1,"12":0},"f":{"0":0,"1":0,"2":0,"3":0},"b":{},"_coverageSchema":"1a1c01bbd47fc00a2c39e90264f33305004495a9","hash":"960d55cee03e15a5c70effa0fa57a08f2cc0a3bf"}
,"/Users/aperev/Ann/YandexReact/cosmo-burger/src/services/burger-constructor/mock-data.tsx": {"path":"/Users/aperev/Ann/YandexReact/cosmo-burger/src/services/burger-constructor/mock-data.tsx","statementMap":{"0":{"start":{"line":3,"column":47},"end":{"line":16,"column":1}},"1":{"start":{"line":18,"column":35},"end":{"line":31,"column":1}},"2":{"start":{"line":33,"column":47},"end":{"line":47,"column":1}},"3":{"start":{"line":49,"column":48},"end":{"line":63,"column":1}},"4":{"start":{"line":65,"column":47},"end":{"line":79,"column":1}}},"fnMap":{},"branchMap":{},"s":{"0":1,"1":1,"2":1,"3":1,"4":1},"f":{},"b":{},"_coverageSchema":"1a1c01bbd47fc00a2c39e90264f33305004495a9","hash":"6831aef5d3f3c6298e2814320634e4ca2f03af0d"}
,"/Users/aperev/Ann/YandexReact/cosmo-burger/src/services/burger-constructor/reducer.tsx": {"path":"/Users/aperev/Ann/YandexReact/cosmo-burger/src/services/burger-constructor/reducer.tsx","statementMap":{"0":{"start":{"line":10,"column":28},"end":{"line":16,"column":1}},"1":{"start":{"line":26,"column":40},"end":{"line":68,"column":1}},"2":{"start":{"line":30,"column":1},"end":{"line":67,"column":2}},"3":{"start":{"line":32,"column":3},"end":{"line":35,"column":5}},"4":{"start":{"line":37,"column":3},"end":{"line":40,"column":5}},"5":{"start":{"line":42,"column":3},"end":{"line":48,"column":5}},"6":{"start":{"line":46,"column":6},"end":{"line":46,"column":54}},"7":{"start":{"line":50,"column":30},"end":{"line":50,"column":61}},"8":{"start":{"line":51,"column":23},"end":{"line":51,"column":67}},"9":{"start":{"line":52,"column":3},"end":{"line":52,"column":58}},"10":{"start":{"line":53,"column":3},"end":{"line":53,"column":72}},"11":{"start":{"line":54,"column":3},"end":{"line":57,"column":5}},"12":{"start":{"line":60,"column":3},"end":{"line":64,"column":5}},"13":{"start":{"line":66,"column":3},"end":{"line":66,"column":16}}},"fnMap":{"0":{"name":"(anonymous_0)","decl":{"start":{"line":26,"column":40},"end":{"line":26,"column":41}},"loc":{"start":{"line":29,"column":29},"end":{"line":68,"column":1}},"line":29},"1":{"name":"(anonymous_1)","decl":{"start":{"line":45,"column":5},"end":{"line":45,"column":6}},"loc":{"start":{"line":46,"column":6},"end":{"line":46,"column":54}},"line":46}},"branchMap":{"0":{"loc":{"start":{"line":27,"column":1},"end":{"line":27,"column":45}},"type":"default-arg","locations":[{"start":{"line":27,"column":33},"end":{"line":27,"column":45}}],"line":27},"1":{"loc":{"start":{"line":30,"column":1},"end":{"line":67,"column":2}},"type":"switch","locations":[{"start":{"line":31,"column":2},"end":{"line":35,"column":5}},{"start":{"line":36,"column":2},"end":{"line":40,"column":5}},{"start":{"line":41,"column":2},"end":{"line":48,"column":5}},{"start":{"line":49,"column":2},"end":{"line":58,"column":3}},{"start":{"line":59,"column":2},"end":{"line":64,"column":5}},{"start":{"line":65,"column":2},"end":{"line":66,"column":16}}],"line":30}},"s":{"0":1,"1":1,"2":13,"3":2,"4":2,"5":3,"6":7,"7":3,"8":3,"9":3,"10":3,"11":3,"12":2,"13":1},"f":{"0":13,"1":7},"b":{"0":[1],"1":[2,2,3,3,2,1]},"_coverageSchema":"1a1c01bbd47fc00a2c39e90264f33305004495a9","hash":"566ae0d0510c2f73790da5a500da28c029a5bee9"}
}
