TN:
SF:src/types.tsx
FNF:0
FNH:0
DA:17,1
LF:1
LH:1
BRF:0
BRH:0
end_of_record
TN:
SF:src/services/burger-constructor/actions.tsx
FN:41,(anonymous_0)
FN:46,(anonymous_1)
FN:52,(anonymous_2)
FN:59,(anonymous_3)
FNF:4
FNH:0
FNDA:0,(anonymous_0)
FNDA:0,(anonymous_1)
FNDA:0,(anonymous_2)
FNDA:0,(anonymous_3)
DA:4,1
DA:5,1
DA:6,1
DA:7,1
DA:8,1
DA:41,1
DA:46,1
DA:48,0
DA:52,1
DA:54,0
DA:59,1
DA:63,0
LF:12
LH:9
BRF:0
BRH:0
end_of_record
TN:
SF:src/services/burger-constructor/mock-data.tsx
FNF:0
FNH:0
DA:3,1
DA:18,1
DA:33,1
DA:49,1
DA:65,1
LF:5
LH:5
BRF:0
BRH:0
end_of_record
TN:
SF:src/services/burger-constructor/reducer.tsx
FN:26,(anonymous_0)
FN:45,(anonymous_1)
FNF:2
FNH:2
FNDA:13,(anonymous_0)
FNDA:7,(anonymous_1)
DA:10,1
DA:26,1
DA:30,13
DA:32,2
DA:37,2
DA:42,3
DA:46,7
DA:50,3
DA:51,3
DA:52,3
DA:53,3
DA:54,3
DA:60,2
DA:66,1
LF:14
LH:14
BRDA:27,0,0,1
BRDA:30,1,0,2
BRDA:30,1,1,2
BRDA:30,1,2,3
BRDA:30,1,3,3
BRDA:30,1,4,2
BRDA:30,1,5,1
BRF:7
BRH:7
end_of_record
